Number of electronic states:
           2
Diabatic hamiltonian expansion order:
           1
Expansion coefficients for each element:
Hd 1 1
Expansion order 0
  2.784746015460704E-005
Expansion order 1
  3.380520817783460E-004 -3.176818061010720E-004 -4.094985968905355E-004
 -1.783134473240661E-004 -5.070761257760128E-005 -3.369200209462474E-004
  3.957567956161448E-005 -4.096513498852111E-004  1.369934881021593E-004
 -9.333444946553243E-005 -8.596479751833214E-005  7.538235838803559E-006
 -2.213561522382840E-004 -6.923396155420428E-005  7.214635043516076E-005
 -8.004406280748082E-004 -3.599220132293244E-004  2.573167607586869E-005
 -1.374839839111170E-005  5.967150877776581E-003 -4.170430797065749E-003
 -3.220633044407353E-003 -1.665371614374515E-003 -5.142501460015303E-005
 -7.092839937369299E-004 -2.004475060178601E-004 -1.353639820285910E-003
 -1.372122728136260E-004  1.521770578884709E-005 -2.076052460874575E-004
 -6.720707728413364E-004  7.561510312665981E-005  1.470436715147911E-004
  3.650669530737742E-005  5.867036119078785E-005  1.465308575527485E-004
 -4.127995110359461E-007 -2.594362597685865E-004 -1.027622209559489E-004
Hd 2 1
Expansion order 0
  2.687865621130117E-008
Expansion order 1
 -1.700123162610766E-005 -2.059342136402460E-004 -2.805407022918288E-005
  6.525331019967172E-004  5.504008168093881E-004 -6.861761045433234E-004
  1.334594378660858E-004  3.413750155663487E-004 -1.649036643953879E-004
  9.759521774377191E-005  6.449619860342942E-006  5.863639833228405E-005
 -4.418434119867281E-004 -1.234898254416890E-003  4.103101646873170E-004
 -3.277883292959072E-003  7.395603210097806E-004 -8.138923776890272E-004
  6.148711630672816E-004  1.062276973637664E-002 -6.455278299318982E-003
  1.276097890243522E-002  8.753153933900719E-003  5.623546407143270E-004
 -5.868006719554278E-005 -1.716286362334075E-004  2.649840815927593E-004
 -2.317395389994292E-004 -1.783717841691758E-003 -1.551743114408580E-003
 -3.442948804842914E-003  2.210243165964900E-004 -9.974142880288372E-004
 -4.128799910702464E-004 -4.838244241847971E-004 -2.551655999772535E-004
 -2.883291396720917E-005  4.533320777119144E-004 -2.892380717927882E-004
Hd 2 2
Expansion order 0
  2.829818996011255E-005
Expansion order 1
 -1.753207594253780E-003  9.033076743429241E-004  1.308133968115600E-003
  6.335069183971856E-004  1.434004935814418E-004  9.825944018043205E-004
 -3.593615131301042E-004  1.351170385830523E-003 -1.073529361844418E-003
  1.225435865827283E-004 -3.219696216533752E-005 -1.796779976468280E-004
  5.545821708448794E-004 -3.741047327622978E-004 -4.768549954755061E-004
  2.410333835012601E-003  1.638800042306404E-003 -4.248599569699465E-004
  1.436574897840861E-005 -1.993349821522561E-002  1.464814296630812E-002
  1.538854075403260E-002  9.236750078258756E-003  6.934159755381816E-004
  2.223778564650792E-003  1.083962342928057E-003  5.128649081916354E-003
  2.917070366581909E-004 -4.562300937291639E-004  4.711307724581398E-004
  1.616075630270203E-003 -2.094347867490732E-004 -6.346167591481283E-004
 -2.405472689159750E-004 -9.320681607529039E-005 -2.220248775550530E-004
  2.641109850000745E-005  1.340445612208565E-003  2.742671317229282E-004
